<?xml version="1.0" encoding="UTF-8"?>
<testsuite name="com.jsyeo.dailydevcafe.service.MemberServiceTest" tests="2" skipped="0" failures="0" errors="0" timestamp="2024-10-06T10:46:26" hostname="yeojinsuui-MacBookPro.local" time="0.771">
  <properties/>
  <testcase name="로그인()" classname="com.jsyeo.dailydevcafe.service.MemberServiceTest" time="0.546"/>
  <testcase name="회원가입()" classname="com.jsyeo.dailydevcafe.service.MemberServiceTest" time="0.224"/>
  <system-out><![CDATA[2024-10-06T19:46:26.706+09:00  INFO 95524 --- [    Test worker] t.c.s.AnnotationConfigContextLoaderUtils : Could not detect default configuration classes for test class [com.jsyeo.dailydevcafe.service.MemberServiceTest]: MemberServiceTest does not declare any static, non-private, non-final, nested classes annotated with @Configuration.
2024-10-06T19:46:26.717+09:00  INFO 95524 --- [    Test worker] .b.t.c.SpringBootTestContextBootstrapper : Found @SpringBootConfiguration com.jsyeo.dailydevcafe.DailydevcafeApplication for test class com.jsyeo.dailydevcafe.service.MemberServiceTest
2024-10-06T19:46:26.939+09:00  INFO 95524 --- [    Test worker] p6spy                                    : #1728211586939 | took 0ms | statement | connection 4| url jdbc:h2:mem:9cb1ae9e-0c18-4196-8437-6987b950b6bb
select m1_0.member_id,m1_0.email,m1_0.name,m1_0.nickname,m1_0.password,m1_0.type from member m1_0 where m1_0.email=?
select m1_0.member_id,m1_0.email,m1_0.name,m1_0.nickname,m1_0.password,m1_0.type from member m1_0 where m1_0.email='test@test.com';
2024-10-06T19:46:26.945+09:00  INFO 95524 --- [    Test worker] p6spy                                    : #1728211586945 | took 0ms | statement | connection 4| url jdbc:h2:mem:9cb1ae9e-0c18-4196-8437-6987b950b6bb
select m1_0.member_id,m1_0.email,m1_0.name,m1_0.nickname,m1_0.password,m1_0.type from member m1_0 where m1_0.nickname=?
select m1_0.member_id,m1_0.email,m1_0.name,m1_0.nickname,m1_0.password,m1_0.type from member m1_0 where m1_0.nickname='test';
2024-10-06T19:46:26.956+09:00  INFO 95524 --- [    Test worker] p6spy                                    : #1728211586956 | took 0ms | statement | connection 4| url jdbc:h2:mem:9cb1ae9e-0c18-4196-8437-6987b950b6bb
select next value for member_seq
select next value for member_seq;
2024-10-06T19:46:26.993+09:00  INFO 95524 --- [    Test worker] p6spy                                    : #1728211586993 | took 0ms | statement | connection 4| url jdbc:h2:mem:9cb1ae9e-0c18-4196-8437-6987b950b6bb
insert into member (email,name,nickname,password,type,member_id) values (?,?,?,?,?,?)
insert into member (email,name,nickname,password,type,member_id) values ('test@test.com','memberA','test','$2a$10$6scDDD9gCufPQv08M07AhuNuN0SJWxEibrQUSRP2KXYbgVpWy4//a','APP',1);
2024-10-06T19:46:26.995+09:00  INFO 95524 --- [    Test worker] p6spy                                    : #1728211586995 | took 0ms | statement | connection 4| url jdbc:h2:mem:9cb1ae9e-0c18-4196-8437-6987b950b6bb
select m1_0.member_id,m1_0.email,m1_0.name,m1_0.nickname,m1_0.password,m1_0.type from member m1_0 where m1_0.email=?
select m1_0.member_id,m1_0.email,m1_0.name,m1_0.nickname,m1_0.password,m1_0.type from member m1_0 where m1_0.email='test@test.com';
2024-10-06T19:46:27.187+09:00  INFO 95524 --- [    Test worker] p6spy                                    : #1728211587187 | took 0ms | statement | connection 4| url jdbc:h2:mem:9cb1ae9e-0c18-4196-8437-6987b950b6bb
select m1_0.member_id,m1_0.email,m1_0.name,m1_0.nickname,m1_0.password,m1_0.type from member m1_0 where m1_0.email=?
select m1_0.member_id,m1_0.email,m1_0.name,m1_0.nickname,m1_0.password,m1_0.type from member m1_0 where m1_0.email='test2@test.com';
2024-10-06T19:46:27.189+09:00  INFO 95524 --- [    Test worker] p6spy                                    : #1728211587189 | took 0ms | statement | connection 4| url jdbc:h2:mem:9cb1ae9e-0c18-4196-8437-6987b950b6bb
select m1_0.member_id,m1_0.email,m1_0.name,m1_0.nickname,m1_0.password,m1_0.type from member m1_0 where m1_0.email=?
select m1_0.member_id,m1_0.email,m1_0.name,m1_0.nickname,m1_0.password,m1_0.type from member m1_0 where m1_0.email='test@test.com';
2024-10-06T19:46:27.265+09:00  INFO 95524 --- [    Test worker] p6spy                                    : #1728211587265 | took 0ms | rollback | connection 4| url jdbc:h2:mem:9cb1ae9e-0c18-4196-8437-6987b950b6bb

;
2024-10-06T19:46:27.346+09:00  INFO 95524 --- [    Test worker] p6spy                                    : #1728211587346 | took 0ms | statement | connection 5| url jdbc:h2:mem:9cb1ae9e-0c18-4196-8437-6987b950b6bb
select m1_0.member_id,m1_0.email,m1_0.name,m1_0.nickname,m1_0.password,m1_0.type from member m1_0 where m1_0.email=?
select m1_0.member_id,m1_0.email,m1_0.name,m1_0.nickname,m1_0.password,m1_0.type from member m1_0 where m1_0.email='test@test.com';
2024-10-06T19:46:27.348+09:00  INFO 95524 --- [    Test worker] p6spy                                    : #1728211587348 | took 0ms | statement | connection 5| url jdbc:h2:mem:9cb1ae9e-0c18-4196-8437-6987b950b6bb
select m1_0.member_id,m1_0.email,m1_0.name,m1_0.nickname,m1_0.password,m1_0.type from member m1_0 where m1_0.nickname=?
select m1_0.member_id,m1_0.email,m1_0.name,m1_0.nickname,m1_0.password,m1_0.type from member m1_0 where m1_0.nickname='test';
2024-10-06T19:46:27.348+09:00  INFO 95524 --- [    Test worker] p6spy                                    : #1728211587348 | took 0ms | statement | connection 5| url jdbc:h2:mem:9cb1ae9e-0c18-4196-8437-6987b950b6bb
select next value for member_seq
select next value for member_seq;
2024-10-06T19:46:27.417+09:00  INFO 95524 --- [    Test worker] p6spy                                    : #1728211587417 | took 0ms | statement | connection 5| url jdbc:h2:mem:9cb1ae9e-0c18-4196-8437-6987b950b6bb
insert into member (email,name,nickname,password,type,member_id) values (?,?,?,?,?,?)
insert into member (email,name,nickname,password,type,member_id) values ('test@test.com','memberA','test','$2a$10$CbM2sNnBFYDgIjRO7967G.r4/PbZSTFe27aaf1ZIffKhQ2pC9q7XW','APP',2);
2024-10-06T19:46:27.418+09:00  INFO 95524 --- [    Test worker] p6spy                                    : #1728211587418 | took 0ms | statement | connection 5| url jdbc:h2:mem:9cb1ae9e-0c18-4196-8437-6987b950b6bb
select m1_0.member_id,m1_0.email,m1_0.name,m1_0.nickname,m1_0.password,m1_0.type from member m1_0 where m1_0.email=?
select m1_0.member_id,m1_0.email,m1_0.name,m1_0.nickname,m1_0.password,m1_0.type from member m1_0 where m1_0.email='test2@test.com';
2024-10-06T19:46:27.420+09:00  INFO 95524 --- [    Test worker] p6spy                                    : #1728211587420 | took 0ms | statement | connection 5| url jdbc:h2:mem:9cb1ae9e-0c18-4196-8437-6987b950b6bb
select m1_0.member_id,m1_0.email,m1_0.name,m1_0.nickname,m1_0.password,m1_0.type from member m1_0 where m1_0.nickname=?
select m1_0.member_id,m1_0.email,m1_0.name,m1_0.nickname,m1_0.password,m1_0.type from member m1_0 where m1_0.nickname='test';
2024-10-06T19:46:27.489+09:00  INFO 95524 --- [    Test worker] p6spy                                    : #1728211587489 | took 0ms | statement | connection 5| url jdbc:h2:mem:9cb1ae9e-0c18-4196-8437-6987b950b6bb
select m1_0.member_id,m1_0.email,m1_0.name,m1_0.nickname,m1_0.password,m1_0.type from member m1_0 where m1_0.email=?
select m1_0.member_id,m1_0.email,m1_0.name,m1_0.nickname,m1_0.password,m1_0.type from member m1_0 where m1_0.email='test@test.com';
2024-10-06T19:46:27.491+09:00  INFO 95524 --- [    Test worker] p6spy                                    : #1728211587491 | took 0ms | rollback | connection 5| url jdbc:h2:mem:9cb1ae9e-0c18-4196-8437-6987b950b6bb

;
]]></system-out>
  <system-err><![CDATA[]]></system-err>
</testsuite>
